#
# There is insufficient memory for the Java Runtime Environment to continue.
# Native memory allocation (malloc) failed to allocate 32784 bytes for Chunk::new
# Possible reasons:
#   The system is out of physical RAM or swap space
#   The process is running with CompressedOops enabled, and the Java Heap may be blocking the growth of the native heap
# Possible solutions:
#   Reduce memory load on the system
#   Increase physical memory or swap space
#   Check if swap backing store is full
#   Decrease Java heap size (-Xmx/-Xms)
#   Decrease number of Java threads
#   Decrease Java thread stack sizes (-Xss)
#   Set larger code cache with -XX:ReservedCodeCacheSize=
#   JVM is running with Unscaled Compressed Oops mode in which the Java heap is
#     placed in the first 4GB address space. The Java Heap base address is the
#     maximum limit for the native heap growth. Please use -XX:HeapBaseMinAddress
#     to set the Java Heap base and to place the Java Heap above 4GB virtual address.
# This output file may be truncated or incomplete.
#
#  Out of Memory Error (arena.cpp:189), pid=8896, tid=22524
#
# JRE version: OpenJDK Runtime Environment Temurin-17.0.8.1+1 (17.0.8.1+1) (build 17.0.8.1+1)
# Java VM: OpenJDK 64-Bit Server VM Temurin-17.0.8.1+1 (17.0.8.1+1, mixed mode, tiered, compressed oops, compressed class ptrs, parallel gc, windows-amd64)
# No core dump will be written. Minidumps are not enabled by default on client versions of Windows
#

---------------  S U M M A R Y ------------

Command Line: --add-modules=ALL-SYSTEM --add-opens=java.base/java.util=ALL-UNNAMED --add-opens=java.base/java.lang=ALL-UNNAMED --add-opens=java.base/sun.nio.fs=ALL-UNNAMED -Declipse.application=org.eclipse.jdt.ls.core.id1 -Dosgi.bundles.defaultStartLevel=4 -Declipse.product=org.eclipse.jdt.ls.core.product -Djava.import.generatesMetadataFilesAtProjectRoot=false -Dfile.encoding=utf8 -XX:+UseParallelGC -XX:GCTimeRatio=4 -XX:AdaptiveSizePolicyWeight=90 -Dsun.zip.disableMemoryMapping=true -Xmx1G -Xms100m -Xlog:disable -javaagent:c:\Users\conta\.vscode\extensions\redhat.java-1.22.1-win32-x64\lombok\lombok-1.18.28.jar -XX:+HeapDumpOnOutOfMemoryError -XX:HeapDumpPath=c:\Users\conta\AppData\Roaming\Code\User\workspaceStorage\2f813a840633617f705e866bb36faf71\redhat.java -Daether.dependencyCollector.impl=bf c:\Users\conta\.vscode\extensions\redhat.java-1.22.1-win32-x64\server\plugins\org.eclipse.equinox.launcher_1.6.500.v20230717-2134.jar -configuration c:\Users\conta\AppData\Roaming\Code\User\globalStorage\redhat.java\1.22.1\config_win -data c:\Users\conta\AppData\Roaming\Code\User\workspaceStorage\2f813a840633617f705e866bb36faf71\redhat.java\jdt_ws

Host: Intel(R) Core(TM) i5-8265U CPU @ 1.60GHz, 8 cores, 15G,  Windows 10 , 64 bit Build 19041 (10.0.19041.1566)
Time: Fri Sep 22 15:57:59 2023 Paris, Madrid (heure duild 19041 (10.0.19041.1566) elapsed time: 13.326493 seconds (0d 0h 0m 13s)

---------------  T H R E A D  ---------------

Current thread (0x0000016d74386cf0):  JavaThread "C2 CompilerThread1" daemon [_thread_in_native, id=22524, stack(0x0000006922c00000,0x0000006922d00000)]


Current CompileTask:
C2:  13326 5690       4       java.lang.invoke.MethodType::makeImpl (109 bytes)

Stack: [0x0000006922c00000,0x0000006922d00000]
Native frames: (J=compiled Java code, j=interpreted, Vv=VM code, C=native code)
V  [jvm.dll+0x678b0a]
V  [jvm.dll+0x835e84]
V  [jvm.dll+0x83762e]
V  [jvm.dll+0x837c93]
V  [jvm.dll+0x24746f]
V  [jvm.dll+0xac20c]
V  [jvm.dll+0xac7dc]
V  [jvm.dll+0xac31b]
V  [jvm.dll+0x6560bc]
V  [jvm.dll+0x570ff8]
V  [jvm.dll+0x570667]
V  [jvm.dll+0x56fc7e]
V  [jvm.dll+0x56fc91]
V  [jvm.dll+0x56fc91]
V  [jvm.dll+0x56fc91]
V  [jvm.dll+0x56fc91]
V  [jvm.dll+0x56fc91]
V  [jvm.dll+0x56fc91]
V  [jvm.dll+0x56fc91]
V  [jvm.dll+0x56fc91]
V  [jvm.dll+0x56fc91]
V  [jvm.dll+0x56fc91]
V  [jvm.dll+0x56fc91]
V  [jvm.dll+0x56fc91]
V  [jvm.dll+0x56fc91]
V  [jvm.dll+0x581c6f]
V  [jvm.dll+0x222602]
V  [jvm.dll+0x21b702]
V  [jvm.dll+0x218f0b]
V  [jvm.dll+0x1a534d]
V  [jvm.dll+0x228d8a]
V  [jvm.dll+0x226dcc]
V  [jvm.dll+0x7ec09b]
V  [jvm.dll+0x7e64ca]
V  [jvm.dll+0x677955]
C  [ucrtbase.dll+0x21bb2]
C  [KERNEL32.DLL+0x17034]
C  [ntdll.dll+0x52651]


---------------  P R O C E S S  ---------------

Threads class SMR info:
_java_thread_list=0x0000016d751a0eb0, length=38, elements={
0x0000016d596dcb20, 0x0000016d5979d120, 0x0000016d728c37c0, 0x0000016d6d55b100,
0x0000016d6d55be90, 0x0000016d6d55ea30, 0x0000016d728f9570, 0x0000016d728fa170,
0x0000016d728fb220, 0x0000016d72905240, 0x0000016d729f2370, 0x0000016d72b320e0,
0x0000016d72c8a610, 0x0000016d73f17040, 0x0000016d73f17520, 0x0000016d73f17a00,
0x0000016d73efa2b0, 0x0000016d741d2950, 0x0000016d741d1f30, 0x0000016d741d2440,
0x0000016d741d3370, 0x0000016d741d3880, 0x0000016d741d05e0, 0x0000016d741d0af0,
0x0000016d741d00d0, 0x0000016d741d1000, 0x0000016d741d1510, 0x0000016d741d1a20,
0x0000016d74aeb4a0, 0x0000016d74aebec0, 0x0000016d74af14d0, 0x0000016d74aeb9b0,
0x0000016d74aed300, 0x0000016d74aedd20, 0x0000016d74af0090, 0x0000016d74aec3d0,
0x0000016d74aecdf0, 0x0000016d74386cf0
}

Java Threads: ( => current thread )
  0x0000016d596dcb20 JavaThread "main" [_thread_blocked, id=9288, stack(0x0000006920600000,0x0000006920700000)]
  0x0000016d5979d120 JavaThread "Reference Handler" daemon [_thread_blocked, id=9376, stack(0x0000006920900000,0x0000006920a00000)]
  0x0000016d728c37c0 JavaThread "Finalizer" daemon [_thread_blocked, id=9392, stack(0x0000006920a00000,0x0000006920b00000)]
  0x0000016d6d55b100 JavaThread "Signal Dispatcher" daemon [_thread_blocked, id=9412, stack(0x0000006920b00000,0x0000006920c00000)]
  0x0000016d6d55be90 JavaThread "Attach Listener" daemon [_thread_blocked, id=9440, stack(0x0000006920c00000,0x0000006920d00000)]
  0x0000016d6d55ea30 JavaThread "Service Thread" daemon [_thread_blocked, id=9468, stack(0x0000006920d00000,0x0000006920e00000)]
  0x0000016d728f9570 JavaThread "Monitor Deflation Thread" daemon [_thread_blocked, id=9552, stack(0x0000006920e00000,0x0000006920f00000)]
  0x0000016d728fa170 JavaThread "C2 CompilerThread0" daemon [_thread_in_native, id=9568, stack(0x0000006920f00000,0x0000006921000000)]
  0x0000016d728fb220 JavaThread "C1 CompilerThread0" daemon [_thread_blocked, id=9676, stack(0x0000006921000000,0x0000006921100000)]
  0x0000016d72905240 JavaThread "Sweeper thread" daemon [_thread_blocked, id=9716, stack(0x0000006921100000,0x0000006921200000)]
  0x0000016d729f2370 JavaThread "Common-Cleaner" daemon [_thread_blocked, id=9728, stack(0x0000006921200000,0x0000006921300000)]
  0x0000016d72b320e0 JavaThread "Notification Thread" daemon [_thread_blocked, id=10376, stack(0x0000006921300000,0x0000006921400000)]
  0x0000016d72c8a610 JavaThread "Equinox resolver thread - Equinox Container: 0b58425f-3419-4d22-afef-e3ad06dae1c7" daemon [_thread_blocked, id=12500, stack(0x0000006921c00000,0x0000006921d00000)]
  0x0000016d73f17040 JavaThread "Equinox resolver thread - Equinox Container: 0b58425f-3419-4d22-afef-e3ad06dae1c7" daemon [_thread_blocked, id=12532, stack(0x0000006921d00000,0x0000006921e00000)]
  0x0000016d73f17520 JavaThread "Equinox resolver thread - Equinox Container: 0b58425f-3419-4d22-afef-e3ad06dae1c7" daemon [_thread_blocked, id=12836, stack(0x0000006921e00000,0x0000006921f00000)]
  0x0000016d73f17a00 JavaThread "Equinox resolver thread - Equinox Container: 0b58425f-3419-4d22-afef-e3ad06dae1c7" daemon [_thread_blocked, id=13028, stack(0x0000006921f00000,0x0000006922000000)]
  0x0000016d73efa2b0 JavaThread "Equinox resolver thread - Equinox Container: 0b58425f-3419-4d22-afef-e3ad06dae1c7" daemon [_thread_blocked, id=13056, stack(0x0000006922000000,0x0000006922100000)]
  0x0000016d741d2950 JavaThread "Equinox resolver thread - Equinox Container: 0b58425f-3419-4d22-afef-e3ad06dae1c7" daemon [_thread_blocked, id=13200, stack(0x0000006922100000,0x0000006922200000)]
  0x0000016d741d1f30 JavaThread "Active Thread: Equinox Container: 0b58425f-3419-4d22-afef-e3ad06dae1c7" [_thread_blocked, id=13656, stack(0x0000006922200000,0x0000006922300000)]
  0x0000016d741d2440 JavaThread "Framework Event Dispatcher: Equinox Container: 0b58425f-3419-4d22-afef-e3ad06dae1c7" daemon [_thread_blocked, id=13956, stack(0x0000006921b00000,0x0000006921c00000)]
  0x0000016d741d3370 JavaThread "Start Level: Equinox Container: 0b58425f-3419-4d22-afef-e3ad06dae1c7" daemon [_thread_blocked, id=13976, stack(0x0000006922300000,0x0000006922400000)]
  0x0000016d741d3880 JavaThread "Refresh Thread: Equinox Container: 0b58425f-3419-4d22-afef-e3ad06dae1c7" daemon [_thread_blocked, id=14080, stack(0x0000006922600000,0x0000006922700000)]
  0x0000016d741d05e0 JavaThread "Equinox resolver thread - Equinox Container: 0b58425f-3419-4d22-afef-e3ad06dae1c7" daemon [_thread_blocked, id=14664, stack(0x0000006922700000,0x0000006922800000)]
  0x0000016d741d0af0 JavaThread "Equinox resolver thread - Equinox Container: 0b58425f-3419-4d22-afef-e3ad06dae1c7" daemon [_thread_blocked, id=14680, stack(0x0000006922800000,0x0000006922900000)]
  0x0000016d741d00d0 JavaThread "Bundle File Closer" daemon [_thread_blocked, id=18204, stack(0x0000006922400000,0x0000006922500000)]
  0x0000016d741d1000 JavaThread "SCR Component Actor" daemon [_thread_blocked, id=18556, stack(0x0000006922a00000,0x0000006922b00000)]
  0x0000016d741d1510 JavaThread "SCR Component Registry" daemon [_thread_blocked, id=18644, stack(0x0000006922b00000,0x0000006922c00000)]
  0x0000016d741d1a20 JavaThread "Worker-JM" [_thread_blocked, id=18916, stack(0x0000006922900000,0x0000006922a00000)]
  0x0000016d74aeb4a0 JavaThread "Worker-0" [_thread_blocked, id=19596, stack(0x0000006922d00000,0x0000006922e00000)]
  0x0000016d74aebec0 JavaThread "Worker-1: Initialize Workspace" [_thread_in_native, id=19960, stack(0x0000006922e00000,0x0000006922f00000)]
  0x0000016d74af14d0 JavaThread "Worker-2" [_thread_blocked, id=21056, stack(0x0000006923000000,0x0000006923100000)]
  0x0000016d74aeb9b0 JavaThread "Java indexing" daemon [_thread_blocked, id=21064, stack(0x0000006923100000,0x0000006923200000)]
  0x0000016d74aed300 JavaThread "Worker-3" [_thread_blocked, id=21068, stack(0x0000006923200000,0x0000006923300000)]
  0x0000016d74aedd20 JavaThread "JNA Cleaner" daemon [_thread_blocked, id=22212, stack(0x0000006923300000,0x0000006923400000)]
  0x0000016d74af0090 JavaThread "pool-2-thread-1" [_thread_blocked, id=22332, stack(0x0000006922f00000,0x0000006923000000)]
  0x0000016d74aec3d0 JavaThread "WorkspaceEventsHandler" [_thread_blocked, id=22376, stack(0x0000006923500000,0x0000006923600000)]
  0x0000016d74aecdf0 JavaThread "pool-1-thread-1" [_thread_in_Java, id=22384, stack(0x0000006923600000,0x0000006923700000)]
=>0x0000016d74386cf0 JavaThread "C2 CompilerThread1" daemon [_thread_in_native, id=22524, stack(0x0000006922c00000,0x0000006922d00000)]

Other Threads:
  0x0000016d6d54fae0 VMThread "VM Thread" [stack: 0x0000006920800000,0x0000006920900000] [id=9316]
  0x0000016d73898010 WatcherThread [stack: 0x0000006921400000,0x0000006921500000] [id=10404]
  0x0000016d596f3f50 GCTaskThread "GC Thread#0" [stack: 0x0000006920700000,0x0000006920800000] [id=9296]
  0x0000016d73e30f70 GCTaskThread "GC Thread#1" [stack: 0x0000006921500000,0x0000006921600000] [id=11752]
  0x0000016d73afcc60 GCTaskThread "GC Thread#2" [stack: 0x0000006921600000,0x0000006921700000] [id=11764]
  0x0000016d73afcf20 GCTaskThread "GC Thread#3" [stack: 0x0000006921700000,0x0000006921800000] [id=11812]
  0x0000016d73afd1e0 GCTaskThread "GC Thread#4" [stack: 0x0000006921800000,0x0000006921900000] [id=11912]
  0x0000016d73afd4a0 GCTaskThread "GC Thread#5" [stack: 0x0000006921900000,0x0000006921a00000] [id=12000]
  0x0000016d73afd760 GCTaskThread "GC Thread#6" [stack: 0x0000006921a00000,0x0000006921b00000] [id=12008]
  0x0000016d74899c60 GCTaskThread "GC Thread#7" [stack: 0x0000006922500000,0x0000006922600000] [id=17916]

Threads with active compile tasks:
C2 CompilerThread0    13362 5643       4       org.apache.felix.resolver.ResolverImpl::mergeCandidatePackages (436 bytes)
C2 CompilerThread1    13362 5690       4       java.lang.invoke.MethodType::makeImpl (109 bytes)

VM state: not at safepoint (normal execution)

VM Mutex/Monitor currently owned by a thread: None

Heap address: 0x00000000c0000000, size: 1024 MB, Compressed Oops mode: 32-bit

CDS archive(s) not mapped
Compressed class space mapped at: 0x0000000100000000-0x0000000140000000, reserved size: 1073741824
Narrow klass base: 0x0000000000000000, Narrow klass shift: 3, Narrow klass range: 0x140000000

GC Precious Log:
 CPUs: 8 total, 8 available
 Memory: 16152M
 Large Page Support: Disabled
 NUMA Support: Disabled
 Compressed Oops: Enabled (32-bit)
 Alignments: Space 512K, Generation 512K, Heap 2M
 Heap Min Capacity: 100M
 Heap Initial Capacity: 100M
 Heap Max Capacity: 1G
 Pre-touch: Disabled
 Parallel Workers: 8

Heap:
 PSYoungGen      total 23552K, used 3634K [0x00000000eab00000, 0x00000000ec580000, 0x0000000100000000)
  eden space 22016K, 9% used [0x00000000eab00000,0x00000000ead0f980,0x00000000ec080000)
  from space 1536K, 99% used [0x00000000ec280000,0x00000000ec3fd218,0x00000000ec400000)
  to   space 1536K, 0% used [0x00000000ec400000,0x00000000ec400000,0x00000000ec580000)
 ParOldGen       total 68608K, used 19119K [0x00000000c0000000, 0x00000000c4300000, 0x00000000eab00000)
  object space 68608K, 27% used [0x00000000c0000000,0x00000000c12abf60,0x00000000c4300000)
 Metaspace       used 50391K, committed 51328K, reserved 1114112K
  class space    used 5454K, committed 5824K, reserved 1048576K

Card table byte_map: [0x0000016d59080000,0x0000016d59290000] _byte_map_base: 0x0000016d58a80000

Marking Bits: (ParMarkBitMap*) 0x00007ffaf42983a0
 Begin Bits: [0x0000016d6b360000, 0x0000016d6c360000)
 End Bits:   [0x0000016d6c360000, 0x0000016d6d360000)

Polling page: 0x0000016d57680000

Metaspace:

Usage:
  Non-class:     43.88 MB used.
      Class:      5.33 MB used.
       Both:     49.21 MB used.

Virtual space:
  Non-class space:       64.00 MB reserved,      44.44 MB ( 69%) committed,  1 nodes.
      Class space:        1.00 GB reserved,       5.69 MB ( <1%) committed,  1 nodes.
             Both:        1.06 GB reserved,      50.12 MB (  5%) committed. 

Chunk freelists:
   Non-Class:  2.89 MB
       Class:  10.25 MB
        Both:  13.14 MB

MaxMetaspaceSize: unlimited
CompressedClassSpaceSize: 1.00 GB
Initial GC threshold: 21.00 MB
Current GC threshold: 58.38 MB
CDS: off
MetaspaceReclaimPolicy: balanced
 - commit_granule_bytes: 65536.
 - commit_granule_words: 8192.
 - virtual_space_node_default_size: 8388608.
 - enlarge_chunks_in_place: 1.
 - new_chunks_are_fully_committed: 0.
 - uncommit_free_chunks: 1.
 - use_allocation_guard: 0.
 - handle_deallocations: 1.


Internal statistics:

num_allocs_failed_limit: 6.
num_arena_births: 458.
num_arena_deaths: 14.
num_vsnodes_births: 2.
num_vsnodes_deaths: 0.
num_space_committed: 802.
num_space_uncommitted: 0.
num_chunks_returned_to_freelist: 20.
num_chunks_taken_from_freelist: 2314.
num_chunk_merges: 9.
num_chunk_splits: 1456.
num_chunks_enlarged: 899.
num_inconsistent_stats: 0.

CodeHeap 'non-profiled nmethods': size=120000Kb used=2532Kb max_used=2532Kb free=117467Kb
 bounds [0x0000016d63e30000, 0x0000016d640b0000, 0x0000016d6b360000]
CodeHeap 'profiled nmethods': size=120000Kb used=10278Kb max_used=10323Kb free=109721Kb
 bounds [0x0000016d5c360000, 0x0000016d5cd80000, 0x0000016d63890000]
CodeHeap 'non-nmethods': size=5760Kb used=1282Kb max_used=1355Kb free=4477Kb
 bounds [0x0000016d63890000, 0x0000016d63b00000, 0x0000016d63e30000]
 total_blobs=5547 nmethods=4940 adapters=521
 compilation: enabled
              stopped_count=0, restarted_count=0
 full_count=0

Compilation events (20 events):
Event: 13.247 Thread 0x0000016d728fb220 nmethod 5686 0x0000016d5c6ef410 code [0x0000016d5c6ef5c0, 0x0000016d5c6ef748]
Event: 13.248 Thread 0x0000016d728fb220 5687       3       java.lang.PublicMethods::merge (81 bytes)
Event: 13.248 Thread 0x0000016d74386cf0 5690       4       java.lang.invoke.MethodType::makeImpl (109 bytes)
Event: 13.249 Thread 0x0000016d728fb220 nmethod 5687 0x0000016d5c6ee410 code [0x0000016d5c6ee640, 0x0000016d5c6eefa8]
Event: 13.249 Thread 0x0000016d728fb220 5688       3       java.lang.PublicMethods$Key::<init> (24 bytes)
Event: 13.249 Thread 0x0000016d728fb220 nmethod 5688 0x0000016d5c6edd90 code [0x0000016d5c6edf40, 0x0000016d5c6ee218]
Event: 13.249 Thread 0x0000016d728fb220 5689       3       java.lang.PublicMethods$MethodList::merge (192 bytes)
Event: 13.251 Thread 0x0000016d728fb220 nmethod 5689 0x0000016d5c6ece10 code [0x0000016d5c6ed060, 0x0000016d5c6ed9c8]
Event: 13.253 Thread 0x0000016d728fb220 5693       3       java.util.Properties::loadConvert (540 bytes)
Event: 13.263 Thread 0x0000016d728fb220 nmethod 5693 0x0000016d5c89ab10 code [0x0000016d5c89ae00, 0x0000016d5c89c218]
Event: 13.272 Thread 0x0000016d728fb220 5694       3       com.google.gson.reflect.TypeToken::get (9 bytes)
Event: 13.273 Thread 0x0000016d728fb220 nmethod 5694 0x0000016d5c6eca10 code [0x0000016d5c6ecbc0, 0x0000016d5c6ecd48]
Event: 13.277 Thread 0x0000016d728fb220 5696       3       java.lang.invoke.MemberName$Factory::resolveOrNull (54 bytes)
Event: 13.278 Thread 0x0000016d728fb220 nmethod 5696 0x0000016d5c6ec490 code [0x0000016d5c6ec640, 0x0000016d5c6ec908]
Event: 13.279 Thread 0x0000016d728fb220 5697   !   3       java.util.regex.Pattern::closure (276 bytes)
Event: 13.281 Thread 0x0000016d728fb220 nmethod 5697 0x0000016d5c898590 code [0x0000016d5c898980, 0x0000016d5c89a168]
Event: 13.295 Thread 0x0000016d728fb220 5699       3       java.lang.invoke.LambdaForm::returnType (26 bytes)
Event: 13.296 Thread 0x0000016d728fb220 nmethod 5699 0x0000016d5c6ec010 code [0x0000016d5c6ec1c0, 0x0000016d5c6ec378]
Event: 13.297 Thread 0x0000016d728fb220 5700       3       jdk.internal.org.objectweb.asm.MethodVisitor::visitFieldInsn (20 bytes)
Event: 13.297 Thread 0x0000016d728fb220 nmethod 5700 0x0000016d5c6ebb90 code [0x0000016d5c6ebd40, 0x0000016d5c6ebf48]

GC Heap History (20 events):
Event: 9.276 GC heap before
{Heap before GC invocations=10 (full 1):
 PSYoungGen      total 27136K, used 27129K [0x00000000eab00000, 0x00000000ecb80000, 0x0000000100000000)
  eden space 24064K, 100% used [0x00000000eab00000,0x00000000ec280000,0x00000000ec280000)
  from space 3072K, 99% used [0x00000000ec700000,0x00000000ec9fe680,0x00000000eca00000)
  to   space 4608K, 0% used [0x00000000ec280000,0x00000000ec280000,0x00000000ec700000)
 ParOldGen       total 68608K, used 11521K [0x00000000c0000000, 0x00000000c4300000, 0x00000000eab00000)
  object space 68608K, 16% used [0x00000000c0000000,0x00000000c0b407d8,0x00000000c4300000)
 Metaspace       used 30408K, committed 31104K, reserved 1114112K
  class space    used 2986K, committed 3328K, reserved 1048576K
}
Event: 9.278 GC heap after
{Heap after GC invocations=10 (full 1):
 PSYoungGen      total 27136K, used 3321K [0x00000000eab00000, 0x00000000ec900000, 0x0000000100000000)
  eden space 23552K, 0% used [0x00000000eab00000,0x00000000eab00000,0x00000000ec200000)
  from space 3584K, 92% used [0x00000000ec280000,0x00000000ec5be680,0x00000000ec600000)
  to   space 3072K, 0% used [0x00000000ec600000,0x00000000ec600000,0x00000000ec900000)
 ParOldGen       total 68608K, used 11529K [0x00000000c0000000, 0x00000000c4300000, 0x00000000eab00000)
  object space 68608K, 16% used [0x00000000c0000000,0x00000000c0b427d8,0x00000000c4300000)
 Metaspace       used 30408K, committed 31104K, reserved 1114112K
  class space    used 2986K, committed 3328K, reserved 1048576K
}
Event: 9.492 GC heap before
{Heap before GC invocations=11 (full 1):
 PSYoungGen      total 27136K, used 26873K [0x00000000eab00000, 0x00000000ec900000, 0x0000000100000000)
  eden space 23552K, 100% used [0x00000000eab00000,0x00000000ec200000,0x00000000ec200000)
  from space 3584K, 92% used [0x00000000ec280000,0x00000000ec5be680,0x00000000ec600000)
  to   space 3072K, 0% used [0x00000000ec600000,0x00000000ec600000,0x00000000ec900000)
 ParOldGen       total 68608K, used 11529K [0x00000000c0000000, 0x00000000c4300000, 0x00000000eab00000)
  object space 68608K, 16% used [0x00000000c0000000,0x00000000c0b427d8,0x00000000c4300000)
 Metaspace       used 32519K, committed 33216K, reserved 1114112K
  class space    used 3143K, committed 3456K, reserved 1048576K
}
Event: 9.495 GC heap after
{Heap after GC invocations=11 (full 1):
 PSYoungGen      total 24064K, used 657K [0x00000000eab00000, 0x00000000ec700000, 0x0000000100000000)
  eden space 23040K, 0% used [0x00000000eab00000,0x00000000eab00000,0x00000000ec180000)
  from space 1024K, 64% used [0x00000000ec600000,0x00000000ec6a4588,0x00000000ec700000)
  to   space 2048K, 0% used [0x00000000ec300000,0x00000000ec300000,0x00000000ec500000)
 ParOldGen       total 68608K, used 14585K [0x00000000c0000000, 0x00000000c4300000, 0x00000000eab00000)
  object space 68608K, 21% used [0x00000000c0000000,0x00000000c0e3e6c0,0x00000000c4300000)
 Metaspace       used 32519K, committed 33216K, reserved 1114112K
  class space    used 3143K, committed 3456K, reserved 1048576K
}
Event: 9.801 GC heap before
{Heap before GC invocations=12 (full 1):
 PSYoungGen      total 24064K, used 17286K [0x00000000eab00000, 0x00000000ec700000, 0x0000000100000000)
  eden space 23040K, 72% used [0x00000000eab00000,0x00000000ebb3d358,0x00000000ec180000)
  from space 1024K, 64% used [0x00000000ec600000,0x00000000ec6a4588,0x00000000ec700000)
  to   space 2048K, 0% used [0x00000000ec300000,0x00000000ec300000,0x00000000ec500000)
 ParOldGen       total 68608K, used 14585K [0x00000000c0000000, 0x00000000c4300000, 0x00000000eab00000)
  object space 68608K, 21% used [0x00000000c0000000,0x00000000c0e3e6c0,0x00000000c4300000)
 Metaspace       used 35182K, committed 35840K, reserved 1114112K
  class space    used 3482K, committed 3776K, reserved 1048576K
}
Event: 9.803 GC heap after
{Heap after GC invocations=12 (full 1):
 PSYoungGen      total 25088K, used 640K [0x00000000eab00000, 0x00000000ec680000, 0x0000000100000000)
  eden space 23040K, 0% used [0x00000000eab00000,0x00000000eab00000,0x00000000ec180000)
  from space 2048K, 31% used [0x00000000ec300000,0x00000000ec3a0000,0x00000000ec500000)
  to   space 1024K, 0% used [0x00000000ec580000,0x00000000ec580000,0x00000000ec680000)
 ParOldGen       total 68608K, used 15029K [0x00000000c0000000, 0x00000000c4300000, 0x00000000eab00000)
  object space 68608K, 21% used [0x00000000c0000000,0x00000000c0ead590,0x00000000c4300000)
 Metaspace       used 35182K, committed 35840K, reserved 1114112K
  class space    used 3482K, committed 3776K, reserved 1048576K
}
Event: 9.803 GC heap before
{Heap before GC invocations=13 (full 2):
 PSYoungGen      total 25088K, used 640K [0x00000000eab00000, 0x00000000ec680000, 0x0000000100000000)
  eden space 23040K, 0% used [0x00000000eab00000,0x00000000eab00000,0x00000000ec180000)
  from space 2048K, 31% used [0x00000000ec300000,0x00000000ec3a0000,0x00000000ec500000)
  to   space 1024K, 0% used [0x00000000ec580000,0x00000000ec580000,0x00000000ec680000)
 ParOldGen       total 68608K, used 15029K [0x00000000c0000000, 0x00000000c4300000, 0x00000000eab00000)
  object space 68608K, 21% used [0x00000000c0000000,0x00000000c0ead590,0x00000000c4300000)
 Metaspace       used 35182K, committed 35840K, reserved 1114112K
  class space    used 3482K, committed 3776K, reserved 1048576K
}
Event: 9.835 GC heap after
{Heap after GC invocations=13 (full 2):
 PSYoungGen      total 25088K, used 0K [0x00000000eab00000, 0x00000000ec680000, 0x0000000100000000)
  eden space 23040K, 0% used [0x00000000eab00000,0x00000000eab00000,0x00000000ec180000)
  from space 2048K, 0% used [0x00000000ec300000,0x00000000ec300000,0x00000000ec500000)
  to   space 1024K, 0% used [0x00000000ec580000,0x00000000ec580000,0x00000000ec680000)
 ParOldGen       total 68608K, used 13928K [0x00000000c0000000, 0x00000000c4300000, 0x00000000eab00000)
  object space 68608K, 20% used [0x00000000c0000000,0x00000000c0d9a1f8,0x00000000c4300000)
 Metaspace       used 35169K, committed 35840K, reserved 1114112K
  class space    used 3478K, committed 3776K, reserved 1048576K
}
Event: 10.408 GC heap before
{Heap before GC invocations=14 (full 2):
 PSYoungGen      total 25088K, used 23040K [0x00000000eab00000, 0x00000000ec680000, 0x0000000100000000)
  eden space 23040K, 100% used [0x00000000eab00000,0x00000000ec180000,0x00000000ec180000)
  from space 2048K, 0% used [0x00000000ec300000,0x00000000ec300000,0x00000000ec500000)
  to   space 1024K, 0% used [0x00000000ec580000,0x00000000ec580000,0x00000000ec680000)
 ParOldGen       total 68608K, used 13928K [0x00000000c0000000, 0x00000000c4300000, 0x00000000eab00000)
  object space 68608K, 20% used [0x00000000c0000000,0x00000000c0d9a1f8,0x00000000c4300000)
 Metaspace       used 37623K, committed 38272K, reserved 1114112K
  class space    used 3789K, committed 4032K, reserved 1048576K
}
Event: 10.409 GC heap after
{Heap after GC invocations=14 (full 2):
 PSYoungGen      total 23552K, used 989K [0x00000000eab00000, 0x00000000ec680000, 0x0000000100000000)
  eden space 22528K, 0% used [0x00000000eab00000,0x00000000eab00000,0x00000000ec100000)
  from space 1024K, 96% used [0x00000000ec580000,0x00000000ec677490,0x00000000ec680000)
  to   space 1536K, 0% used [0x00000000ec380000,0x00000000ec380000,0x00000000ec500000)
 ParOldGen       total 68608K, used 13936K [0x00000000c0000000, 0x00000000c4300000, 0x00000000eab00000)
  object space 68608K, 20% used [0x00000000c0000000,0x00000000c0d9c1f8,0x00000000c4300000)
 Metaspace       used 37623K, committed 38272K, reserved 1114112K
  class space    used 3789K, committed 4032K, reserved 1048576K
}
Event: 10.769 GC heap before
{Heap before GC invocations=15 (full 2):
 PSYoungGen      total 23552K, used 23517K [0x00000000eab00000, 0x00000000ec680000, 0x0000000100000000)
  eden space 22528K, 100% used [0x00000000eab00000,0x00000000ec100000,0x00000000ec100000)
  from space 1024K, 96% used [0x00000000ec580000,0x00000000ec677490,0x00000000ec680000)
  to   space 1536K, 0% used [0x00000000ec380000,0x00000000ec380000,0x00000000ec500000)
 ParOldGen       total 68608K, used 13936K [0x00000000c0000000, 0x00000000c4300000, 0x00000000eab00000)
  object space 68608K, 20% used [0x00000000c0000000,0x00000000c0d9c1f8,0x00000000c4300000)
 Metaspace       used 40060K, committed 40832K, reserved 1114112K
  class space    used 4098K, committed 4416K, reserved 1048576K
}
Event: 10.770 GC heap after
{Heap after GC invocations=15 (full 2):
 PSYoungGen      total 23552K, used 704K [0x00000000eab00000, 0x00000000ec600000, 0x0000000100000000)
  eden space 22016K, 0% used [0x00000000eab00000,0x00000000eab00000,0x00000000ec080000)
  from space 1536K, 45% used [0x00000000ec380000,0x00000000ec430000,0x00000000ec500000)
  to   space 1024K, 0% used [0x00000000ec500000,0x00000000ec500000,0x00000000ec600000)
 ParOldGen       total 68608K, used 14717K [0x00000000c0000000, 0x00000000c4300000, 0x00000000eab00000)
  object space 68608K, 21% used [0x00000000c0000000,0x00000000c0e5f698,0x00000000c4300000)
 Metaspace       used 40060K, committed 40832K, reserved 1114112K
  class space    used 4098K, committed 4416K, reserved 1048576K
}
Event: 11.215 GC heap before
{Heap before GC invocations=16 (full 2):
 PSYoungGen      total 23552K, used 22720K [0x00000000eab00000, 0x00000000ec600000, 0x0000000100000000)
  eden space 22016K, 100% used [0x00000000eab00000,0x00000000ec080000,0x00000000ec080000)
  from space 1536K, 45% used [0x00000000ec380000,0x00000000ec430000,0x00000000ec500000)
  to   space 1024K, 0% used [0x00000000ec500000,0x00000000ec500000,0x00000000ec600000)
 ParOldGen       total 68608K, used 14717K [0x00000000c0000000, 0x00000000c4300000, 0x00000000eab00000)
  object space 68608K, 21% used [0x00000000c0000000,0x00000000c0e5f698,0x00000000c4300000)
 Metaspace       used 42875K, committed 43648K, reserved 1114112K
  class space    used 4452K, committed 4800K, reserved 1048576K
}
Event: 11.216 GC heap after
{Heap after GC invocations=16 (full 2):
 PSYoungGen      total 23040K, used 995K [0x00000000eab00000, 0x00000000ec600000, 0x0000000100000000)
  eden space 22016K, 0% used [0x00000000eab00000,0x00000000eab00000,0x00000000ec080000)
  from space 1024K, 97% used [0x00000000ec500000,0x00000000ec5f8dd8,0x00000000ec600000)
  to   space 2560K, 0% used [0x00000000ec100000,0x00000000ec100000,0x00000000ec380000)
 ParOldGen       total 68608K, used 15809K [0x00000000c0000000, 0x00000000c4300000, 0x00000000eab00000)
  object space 68608K, 23% used [0x00000000c0000000,0x00000000c0f70658,0x00000000c4300000)
 Metaspace       used 42875K, committed 43648K, reserved 1114112K
  class space    used 4452K, committed 4800K, reserved 1048576K
}
Event: 11.668 GC heap before
{Heap before GC invocations=17 (full 2):
 PSYoungGen      total 23040K, used 23011K [0x00000000eab00000, 0x00000000ec600000, 0x0000000100000000)
  eden space 22016K, 100% used [0x00000000eab00000,0x00000000ec080000,0x00000000ec080000)
  from space 1024K, 97% used [0x00000000ec500000,0x00000000ec5f8dd8,0x00000000ec600000)
  to   space 2560K, 0% used [0x00000000ec100000,0x00000000ec100000,0x00000000ec380000)
 ParOldGen       total 68608K, used 15809K [0x00000000c0000000, 0x00000000c4300000, 0x00000000eab00000)
  object space 68608K, 23% used [0x00000000c0000000,0x00000000c0f70658,0x00000000c4300000)
 Metaspace       used 45525K, committed 46400K, reserved 1114112K
  class space    used 4813K, committed 5184K, reserved 1048576K
}
Event: 11.670 GC heap after
{Heap after GC invocations=17 (full 2):
 PSYoungGen      total 24576K, used 1221K [0x00000000eab00000, 0x00000000ec580000, 0x0000000100000000)
  eden space 22016K, 0% used [0x00000000eab00000,0x00000000eab00000,0x00000000ec080000)
  from space 2560K, 47% used [0x00000000ec100000,0x00000000ec231758,0x00000000ec380000)
  to   space 1536K, 0% used [0x00000000ec400000,0x00000000ec400000,0x00000000ec580000)
 ParOldGen       total 68608K, used 16812K [0x00000000c0000000, 0x00000000c4300000, 0x00000000eab00000)
  object space 68608K, 24% used [0x00000000c0000000,0x00000000c106b3b0,0x00000000c4300000)
 Metaspace       used 45525K, committed 46400K, reserved 1114112K
  class space    used 4813K, committed 5184K, reserved 1048576K
}
Event: 12.480 GC heap before
{Heap before GC invocations=18 (full 2):
 PSYoungGen      total 24576K, used 23237K [0x00000000eab00000, 0x00000000ec580000, 0x0000000100000000)
  eden space 22016K, 100% used [0x00000000eab00000,0x00000000ec080000,0x00000000ec080000)
  from space 2560K, 47% used [0x00000000ec100000,0x00000000ec231758,0x00000000ec380000)
  to   space 1536K, 0% used [0x00000000ec400000,0x00000000ec400000,0x00000000ec580000)
 ParOldGen       total 68608K, used 16812K [0x00000000c0000000, 0x00000000c4300000, 0x00000000eab00000)
  object space 68608K, 24% used [0x00000000c0000000,0x00000000c106b3b0,0x00000000c4300000)
 Metaspace       used 48444K, committed 49344K, reserved 1114112K
  class space    used 5193K, committed 5568K, reserved 1048576K
}
Event: 12.482 GC heap after
{Heap after GC invocations=18 (full 2):
 PSYoungGen      total 23552K, used 1208K [0x00000000eab00000, 0x00000000ec580000, 0x0000000100000000)
  eden space 22016K, 0% used [0x00000000eab00000,0x00000000eab00000,0x00000000ec080000)
  from space 1536K, 78% used [0x00000000ec400000,0x00000000ec52e318,0x00000000ec580000)
  to   space 1536K, 0% used [0x00000000ec280000,0x00000000ec280000,0x00000000ec400000)
 ParOldGen       total 68608K, used 17936K [0x00000000c0000000, 0x00000000c4300000, 0x00000000eab00000)
  object space 68608K, 26% used [0x00000000c0000000,0x00000000c11840a0,0x00000000c4300000)
 Metaspace       used 48444K, committed 49344K, reserved 1114112K
  class space    used 5193K, committed 5568K, reserved 1048576K
}
Event: 13.306 GC heap before
{Heap before GC invocations=19 (full 2):
 PSYoungGen      total 23552K, used 23224K [0x00000000eab00000, 0x00000000ec580000, 0x0000000100000000)
  eden space 22016K, 100% used [0x00000000eab00000,0x00000000ec080000,0x00000000ec080000)
  from space 1536K, 78% used [0x00000000ec400000,0x00000000ec52e318,0x00000000ec580000)
  to   space 1536K, 0% used [0x00000000ec280000,0x00000000ec280000,0x00000000ec400000)
 ParOldGen       total 68608K, used 17936K [0x00000000c0000000, 0x00000000c4300000, 0x00000000eab00000)
  object space 68608K, 26% used [0x00000000c0000000,0x00000000c11840a0,0x00000000c4300000)
 Metaspace       used 50163K, committed 51136K, reserved 1114112K
  class space    used 5426K, committed 5824K, reserved 1048576K
}
Event: 13.308 GC heap after
{Heap after GC invocations=19 (full 2):
 PSYoungGen      total 23552K, used 1524K [0x00000000eab00000, 0x00000000ec580000, 0x0000000100000000)
  eden space 22016K, 0% used [0x00000000eab00000,0x00000000eab00000,0x00000000ec080000)
  from space 1536K, 99% used [0x00000000ec280000,0x00000000ec3fd218,0x00000000ec400000)
  to   space 1536K, 0% used [0x00000000ec400000,0x00000000ec400000,0x00000000ec580000)
 ParOldGen       total 68608K, used 19119K [0x00000000c0000000, 0x00000000c4300000, 0x00000000eab00000)
  object space 68608K, 27% used [0x00000000c0000000,0x00000000c12abf60,0x00000000c4300000)
 Metaspace       used 50163K, committed 51136K, reserved 1114112K
  class space    used 5426K, committed 5824K, reserved 1048576K
}

Dll operation events (10 events):
Event: 0.009 Loaded shared library c:\Users\conta\.vscode\extensions\redhat.java-1.22.1-win32-x64\jre\17.0.8.1-win32-x86_64\bin\java.dll
Event: 0.176 Loaded shared library c:\Users\conta\.vscode\extensions\redhat.java-1.22.1-win32-x64\jre\17.0.8.1-win32-x86_64\bin\zip.dll
Event: 0.180 Loaded shared library C:\Users\conta\.vscode\extensions\redhat.java-1.22.1-win32-x64\jre\17.0.8.1-win32-x86_64\bin\instrument.dll
Event: 0.194 Loaded shared library C:\Users\conta\.vscode\extensions\redhat.java-1.22.1-win32-x64\jre\17.0.8.1-win32-x86_64\bin\net.dll
Event: 0.196 Loaded shared library C:\Users\conta\.vscode\extensions\redhat.java-1.22.1-win32-x64\jre\17.0.8.1-win32-x86_64\bin\nio.dll
Event: 0.204 Loaded shared library C:\Users\conta\.vscode\extensions\redhat.java-1.22.1-win32-x64\jre\17.0.8.1-win32-x86_64\bin\zip.dll
Event: 0.218 Loaded shared library C:\Users\conta\.vscode\extensions\redhat.java-1.22.1-win32-x64\jre\17.0.8.1-win32-x86_64\bin\jimage.dll
Event: 0.274 Loaded shared library c:\Users\conta\.vscode\extensions\redhat.java-1.22.1-win32-x64\jre\17.0.8.1-win32-x86_64\bin\verify.dll
Event: 4.365 Loaded shared library C:\Users\conta\AppData\Roaming\Code\User\globalStorage\redhat.java\1.22.1\config_win\org.eclipse.equinox.launcher\org.eclipse.equinox.launcher.win32.win32.x86_64_1.2.700.v20221108-1024\eclipse_11801.dll
Event: 10.731 Loaded shared library C:\Users\conta\AppData\Local\Temp\jna-94844783\jna18019285415114619737.dll

Deoptimization events (20 events):
Event: 12.494 Thread 0x0000016d74aeb4a0 Uncommon trap: trap_request=0xffffff45 fr.pc=0x0000016d63e66fc8 relative=0x00000000000000a8
Event: 12.494 Thread 0x0000016d74aeb4a0 Uncommon trap: reason=unstable_if action=reinterpret pc=0x0000016d63e66fc8 method=jdk.internal.misc.Unsafe.convEndian(ZI)I @ 4 c2
Event: 12.494 Thread 0x0000016d74aeb4a0 DEOPT PACKING pc=0x0000016d63e66fc8 sp=0x0000006922dfebb0
Event: 12.494 Thread 0x0000016d74aeb4a0 DEOPT UNPACKING pc=0x0000016d638e66a3 sp=0x0000006922dfea48 mode 2
Event: 12.903 Thread 0x0000016d74aecdf0 Uncommon trap: trap_request=0xffffff45 fr.pc=0x0000016d63fa4228 relative=0x0000000000000208
Event: 12.904 Thread 0x0000016d74aecdf0 Uncommon trap: reason=unstable_if action=reinterpret pc=0x0000016d63fa4228 method=java.net.URI$Parser.scan(IIJJ)I @ 42 c2
Event: 12.904 Thread 0x0000016d74aecdf0 DEOPT PACKING pc=0x0000016d63fa4228 sp=0x00000069236fdfa0
Event: 12.904 Thread 0x0000016d74aecdf0 DEOPT UNPACKING pc=0x0000016d638e66a3 sp=0x00000069236fdf20 mode 2
Event: 12.904 Thread 0x0000016d74aecdf0 Uncommon trap: trap_request=0xffffff45 fr.pc=0x0000016d640375ac relative=0x000000000000048c
Event: 12.904 Thread 0x0000016d74aecdf0 Uncommon trap: reason=unstable_if action=reinterpret pc=0x0000016d640375ac method=java.nio.charset.CharsetDecoder.decode(Ljava/nio/ByteBuffer;Ljava/nio/CharBuffer;Z)Ljava/nio/charset/CoderResult; @ 1 c2
Event: 12.904 Thread 0x0000016d74aecdf0 DEOPT PACKING pc=0x0000016d640375ac sp=0x00000069236fdfe0
Event: 12.904 Thread 0x0000016d74aecdf0 DEOPT UNPACKING pc=0x0000016d638e66a3 sp=0x00000069236fdf98 mode 2
Event: 13.101 Thread 0x0000016d74aecdf0 Uncommon trap: trap_request=0xffffffbe fr.pc=0x0000016d63ef1428 relative=0x0000000000000908
Event: 13.102 Thread 0x0000016d74aecdf0 Uncommon trap: reason=profile_predicate action=maybe_recompile pc=0x0000016d63ef1428 method=org.apache.felix.resolver.util.OpenHashMap.getOrCompute(Ljava/lang/Object;)Ljava/lang/Object; @ 108 c2
Event: 13.102 Thread 0x0000016d74aecdf0 DEOPT PACKING pc=0x0000016d63ef1428 sp=0x00000069236fd830
Event: 13.102 Thread 0x0000016d74aecdf0 DEOPT UNPACKING pc=0x0000016d638e66a3 sp=0x00000069236fd7c8 mode 2
Event: 13.116 Thread 0x0000016d741d3370 Uncommon trap: trap_request=0xffffffbe fr.pc=0x0000016d63ef1428 relative=0x0000000000000908
Event: 13.116 Thread 0x0000016d741d3370 Uncommon trap: reason=profile_predicate action=maybe_recompile pc=0x0000016d63ef1428 method=org.apache.felix.resolver.util.OpenHashMap.getOrCompute(Ljava/lang/Object;)Ljava/lang/Object; @ 108 c2
Event: 13.116 Thread 0x0000016d741d3370 DEOPT PACKING pc=0x0000016d63ef1428 sp=0x00000069223feae0
Event: 13.116 Thread 0x0000016d741d3370 DEOPT UNPACKING pc=0x0000016d638e66a3 sp=0x00000069223fea78 mode 2

Classes unloaded (7 events):
Event: 9.808 Thread 0x0000016d6d54fae0 Unloading class 0x000000010025fc00 'java/lang/invoke/LambdaForm$MH+0x000000010025fc00'
Event: 9.808 Thread 0x0000016d6d54fae0 Unloading class 0x000000010025f800 'java/lang/invoke/LambdaForm$MH+0x000000010025f800'
Event: 9.808 Thread 0x0000016d6d54fae0 Unloading class 0x000000010025f400 'java/lang/invoke/LambdaForm$MH+0x000000010025f400'
Event: 9.808 Thread 0x0000016d6d54fae0 Unloading class 0x000000010025f000 'java/lang/invoke/LambdaForm$MH+0x000000010025f000'
Event: 9.808 Thread 0x0000016d6d54fae0 Unloading class 0x000000010025ec00 'java/lang/invoke/LambdaForm$BMH+0x000000010025ec00'
Event: 9.808 Thread 0x0000016d6d54fae0 Unloading class 0x000000010025e800 'java/lang/invoke/LambdaForm$DMH+0x000000010025e800'
Event: 9.808 Thread 0x0000016d6d54fae0 Unloading class 0x000000010025c000 'java/lang/invoke/LambdaForm$DMH+0x000000010025c000'

Classes redefined (0 events):
No events

Internal exceptions (20 events):
Event: 10.934 Thread 0x0000016d741d3370 Exception <a 'java/io/FileNotFoundException'{0x00000000eb44e5d0}> (0x00000000eb44e5d0) 
thrown [s\src\hotspot\share\prims\jni.cpp, line 516]
Event: 10.971 Thread 0x0000016d741d3370 Exception <a 'java/lang/UnsatisfiedLinkError'{0x00000000eb71f290}: La procédure spécifiée est introuvable.
> (0x00000000eb71f290) 
thrown [s\src\hotspot\share\prims\jni.cpp, line 535]
Event: 11.186 Thread 0x0000016d596dcb20 Exception <a 'sun/nio/fs/WindowsException'{0x00000000ebec5178}> (0x00000000ebec5178) 
thrown [s\src\hotspot\share\prims\jni.cpp, line 516]
Event: 11.187 Thread 0x0000016d74aebec0 Exception <a 'java/lang/NoSuchMethodError'{0x00000000ebeccd70}: 'void java.lang.invoke.DirectMethodHandle$Holder.invokeStaticInit(java.lang.Object, java.lang.Object, java.lang.Object)'> (0x00000000ebeccd70) 
thrown [s\src\hotspot\share\interpreter\linkResolver.cpp, line 759]
Event: 11.202 Thread 0x0000016d74aebec0 Exception <a 'java/lang/ExceptionInInitializerError'{0x00000000ebf00ed8}> (0x00000000ebf00ed8) 
thrown [s\src\hotspot\share\oops\instanceKlass.cpp, line 1218]
Event: 11.208 Thread 0x0000016d74aebec0 Implicit null exception at 0x0000016d64046a6f to 0x0000016d640477e0
Event: 11.241 Thread 0x0000016d74aebec0 Implicit null exception at 0x0000016d63f81faf to 0x0000016d63f82158
Event: 11.242 Thread 0x0000016d74aebec0 Implicit null exception at 0x0000016d63eab8e9 to 0x0000016d63eacd14
Event: 11.246 Thread 0x0000016d74aebec0 Exception <a 'java/lang/NoSuchMethodError'{0x00000000eada5940}: 'java.lang.Object java.lang.invoke.Invokers$Holder.invokeExact_MT(java.lang.Object, int, java.lang.Object)'> (0x00000000eada5940) 
thrown [s\src\hotspot\share\interpreter\linkResolver.cpp, line 759]
Event: 11.256 Thread 0x0000016d74aebec0 Exception <a 'java/lang/NoSuchMethodError'{0x00000000eae7ce08}: 'int java.lang.invoke.DirectMethodHandle$Holder.invokeSpecial(java.lang.Object, java.lang.Object, java.lang.Object, java.lang.Object)'> (0x00000000eae7ce08) 
thrown [s\src\hotspot\share\interpreter\linkResolver.cpp, line 759]
Event: 11.301 Thread 0x0000016d596dcb20 Exception <a 'java/lang/NoSuchMethodError'{0x00000000eb34cb10}: 'java.lang.Object java.lang.invoke.DirectMethodHandle$Holder.invokeStatic(java.lang.Object, java.lang.Object, long, java.lang.Object)'> (0x00000000eb34cb10) 
thrown [s\src\hotspot\share\interpreter\linkResolver.cpp, line 759]
Event: 11.302 Thread 0x0000016d596dcb20 Exception <a 'java/lang/NoSuchMethodError'{0x00000000eb350a60}: 'java.lang.Object java.lang.invoke.DirectMethodHandle$Holder.invokeStaticInit(java.lang.Object, java.lang.Object, long, java.lang.Object)'> (0x00000000eb350a60) 
thrown [s\src\hotspot\share\interpreter\linkResolver.cpp, line 759]
Event: 11.302 Thread 0x0000016d596dcb20 Exception <a 'java/lang/NoSuchMethodError'{0x00000000eb357540}: 'java.lang.Object java.lang.invoke.DirectMethodHandle$Holder.newInvokeSpecial(java.lang.Object, java.lang.Object, long)'> (0x00000000eb357540) 
thrown [s\src\hotspot\share\interpreter\linkResolver.cpp, line 759]
Event: 11.786 Thread 0x0000016d596dcb20 Exception <a 'java/lang/NoSuchMethodError'{0x00000000eb0fa610}: 'void java.lang.invoke.DirectMethodHandle$Holder.invokeSpecial(java.lang.Object, java.lang.Object, java.lang.Object, java.lang.Object, java.lang.Object, java.lang.Object)'> (0x00000000eb0fa610) 
thrown [s\src\hotspot\share\interpreter\linkResolver.cpp, line 759]
Event: 11.788 Thread 0x0000016d596dcb20 Exception <a 'java/lang/IncompatibleClassChangeError'{0x00000000eb1432f0}: Found class java.lang.Object, but interface was expected> (0x00000000eb1432f0) 
thrown [s\src\hotspot\share\interpreter\linkResolver.cpp, line 826]
Event: 11.864 Thread 0x0000016d74aebec0 Exception <a 'java/lang/NoClassDefFoundError'{0x00000000eb3dbdc8}: com/google/inject/servlet/ServletModuleTargetVisitor> (0x00000000eb3dbdc8) 
thrown [s\src\hotspot\share\classfile\systemDictionary.cpp, line 245]
Event: 12.913 Thread 0x0000016d74aecdf0 Exception <a 'java/io/FileNotFoundException'{0x00000000eb3cc720}> (0x00000000eb3cc720) 
thrown [s\src\hotspot\share\prims\jni.cpp, line 516]
Event: 13.269 Thread 0x0000016d74aebec0 Exception <a 'java/lang/NoSuchMethodError'{0x00000000ebf6f278}: 'int java.lang.invoke.DirectMethodHandle$Holder.invokeSpecialIFC(java.lang.Object, java.lang.Object, java.lang.Object, java.lang.Object)'> (0x00000000ebf6f278) 
thrown [s\src\hotspot\share\interpreter\linkResolver.cpp, line 759]
Event: 13.295 Thread 0x0000016d74aebec0 Exception <a 'java/lang/NoSuchMethodError'{0x00000000ec04cdc0}: 'int java.lang.invoke.DirectMethodHandle$Holder.invokeInterface(java.lang.Object, java.lang.Object)'> (0x00000000ec04cdc0) 
thrown [s\src\hotspot\share\interpreter\linkResolver.cpp, line 759]
Event: 13.296 Thread 0x0000016d74aebec0 Exception <a 'java/lang/IncompatibleClassChangeError'{0x00000000ec0500a8}: Found class java.lang.Object, but interface was expected> (0x00000000ec0500a8) 
thrown [s\src\hotspot\share\interpreter\linkResolver.cpp, line 826]

VM Operations (20 events):
Event: 10.970 Executing VM operation: HandshakeAllThreads done
Event: 11.215 Executing VM operation: ParallelGCFailedAllocation
Event: 11.216 Executing VM operation: ParallelGCFailedAllocation done
Event: 11.289 Executing VM operation: HandshakeAllThreads
Event: 11.289 Executing VM operation: HandshakeAllThreads done
Event: 11.376 Executing VM operation: HandshakeAllThreads
Event: 11.453 Executing VM operation: HandshakeAllThreads done
Event: 11.668 Executing VM operation: ParallelGCFailedAllocation
Event: 11.670 Executing VM operation: ParallelGCFailedAllocation done
Event: 12.012 Executing VM operation: HandshakeAllThreads
Event: 12.097 Executing VM operation: HandshakeAllThreads done
Event: 12.100 Executing VM operation: HandshakeAllThreads
Event: 12.103 Executing VM operation: HandshakeAllThreads done
Event: 12.429 Executing VM operation: ICBufferFull
Event: 12.429 Executing VM operation: ICBufferFull done
Event: 12.453 Executing VM operation: ParallelGCFailedAllocation
Event: 12.483 Executing VM operation: ParallelGCFailedAllocation done
Event: 12.881 Executing VM operation: HandshakeAllThreads
Event: 12.881 Executing VM operation: HandshakeAllThreads done
Event: 13.301 Executing VM operation: ParallelGCFailedAllocation

Events (20 events):
Event: 13.242 loading class java/util/concurrent/CompletableFuture$Completion
Event: 13.242 loading class java/util/concurrent/CompletableFuture$AsynchronousCompletionTask
Event: 13.242 loading class java/util/concurrent/CompletableFuture$AsynchronousCompletionTask done
Event: 13.242 loading class java/util/concurrent/ForkJoinTask
Event: 13.243 loading class java/util/concurrent/ForkJoinTask done
Event: 13.243 loading class java/util/concurrent/CompletableFuture$Completion done
Event: 13.252 loading class jdk/internal/math/FormattedFloatingDecimal$Form
Event: 13.253 loading class jdk/internal/math/FormattedFloatingDecimal$Form done
Event: 13.261 loading class jdk/internal/math/FormattedFloatingDecimal
Event: 13.261 loading class jdk/internal/math/FormattedFloatingDecimal done
Event: 13.262 loading class jdk/internal/math/FormattedFloatingDecimal$1
Event: 13.262 loading class jdk/internal/math/FormattedFloatingDecimal$1 done
Event: 13.263 loading class jdk/internal/math/FormattedFloatingDecimal$2
Event: 13.263 loading class jdk/internal/math/FormattedFloatingDecimal$2 done
Event: 13.289 loading class java/util/TreeMap$ValueSpliterator
Event: 13.289 loading class java/util/TreeMap$TreeMapSpliterator
Event: 13.289 loading class java/util/TreeMap$TreeMapSpliterator done
Event: 13.289 loading class java/util/TreeMap$ValueSpliterator done
Event: 13.295 loading class java/util/AbstractList$RandomAccessSpliterator
Event: 13.295 loading class java/util/AbstractList$RandomAccessSpliterator done


Dynamic libraries:
0x00007ff6219e0000 - 0x00007ff6219ee000 	c:\Users\conta\.vscode\extensions\redhat.java-1.22.1-win32-x64\jre\17.0.8.1-win32-x86_64\bin\java.exe
0x00007ffb92310000 - 0x00007ffb92505000 	C:\Windows\SYSTEM32\ntdll.dll
0x00007ffb92030000 - 0x00007ffb920ee000 	C:\Windows\System32\KERNEL32.DLL
0x00007ffb8fb20000 - 0x00007ffb8fde8000 	C:\Windows\System32\KERNELBASE.dll
0x00007ffb90090000 - 0x00007ffb90190000 	C:\Windows\System32\ucrtbase.dll
0x00007ffb5f1b0000 - 0x00007ffb5f1c7000 	c:\Users\conta\.vscode\extensions\redhat.java-1.22.1-win32-x64\jre\17.0.8.1-win32-x86_64\bin\jli.dll
0x00007ffb8a380000 - 0x00007ffb8a399000 	c:\Users\conta\.vscode\extensions\redhat.java-1.22.1-win32-x64\jre\17.0.8.1-win32-x86_64\bin\VCRUNTIME140.dll
0x00007ffb90550000 - 0x00007ffb906f0000 	C:\Windows\System32\USER32.dll
0x00007ffb8fa30000 - 0x00007ffb8fa52000 	C:\Windows\System32\win32u.dll
0x00007ffb788b0000 - 0x00007ffb78b4a000 	C:\Windows\WinSxS\amd64_microsoft.windows.common-controls_6595b64144ccf1df_6.0.19041.1110_none_60b5254171f9507e\COMCTL32.dll
0x00007ffb90520000 - 0x00007ffb9054b000 	C:\Windows\System32\GDI32.dll
0x00007ffb91910000 - 0x00007ffb919ae000 	C:\Windows\System32\msvcrt.dll
0x00007ffb8fdf0000 - 0x00007ffb8fefb000 	C:\Windows\System32\gdi32full.dll
0x00007ffb902d0000 - 0x00007ffb9036d000 	C:\Windows\System32\msvcp_win.dll
0x00007ffb913b0000 - 0x00007ffb913e0000 	C:\Windows\System32\IMM32.DLL
0x00007ffb6f940000 - 0x00007ffb6f94c000 	c:\Users\conta\.vscode\extensions\redhat.java-1.22.1-win32-x64\jre\17.0.8.1-win32-x86_64\bin\vcruntime140_1.dll
0x00007ffb44cd0000 - 0x00007ffb44d61000 	c:\Users\conta\.vscode\extensions\redhat.java-1.22.1-win32-x64\jre\17.0.8.1-win32-x86_64\bin\msvcp140.dll
0x00007ffaf3710000 - 0x00007ffaf435c000 	c:\Users\conta\.vscode\extensions\redhat.java-1.22.1-win32-x64\jre\17.0.8.1-win32-x86_64\bin\server\jvm.dll
0x00007ffb92220000 - 0x00007ffb922ce000 	C:\Windows\System32\ADVAPI32.dll
0x00007ffb906f0000 - 0x00007ffb9078c000 	C:\Windows\System32\sechost.dll
0x00007ffb91440000 - 0x00007ffb91565000 	C:\Windows\System32\RPCRT4.dll
0x00007ffb8f8a0000 - 0x00007ffb8f8eb000 	C:\Windows\SYSTEM32\POWRPROF.dll
0x00007ffb7a7b0000 - 0x00007ffb7a7b9000 	C:\Windows\SYSTEM32\WSOCK32.dll
0x00007ffb7c580000 - 0x00007ffb7c5a7000 	C:\Windows\SYSTEM32\WINMM.dll
0x00007ffb916e0000 - 0x00007ffb9174b000 	C:\Windows\System32\WS2_32.dll
0x00007ffb83e10000 - 0x00007ffb83e1a000 	C:\Windows\SYSTEM32\VERSION.dll
0x00007ffb8f880000 - 0x00007ffb8f892000 	C:\Windows\SYSTEM32\UMPDC.dll
0x00007ffb8d900000 - 0x00007ffb8d912000 	C:\Windows\SYSTEM32\kernel.appcore.dll
0x00007ffb69530000 - 0x00007ffb6953a000 	c:\Users\conta\.vscode\extensions\redhat.java-1.22.1-win32-x64\jre\17.0.8.1-win32-x86_64\bin\jimage.dll
0x00007ffb7c390000 - 0x00007ffb7c574000 	C:\Windows\SYSTEM32\DBGHELP.DLL
0x00007ffb7c2c0000 - 0x00007ffb7c2ec000 	C:\Windows\SYSTEM32\dbgcore.DLL
0x00007ffb90240000 - 0x00007ffb902c2000 	C:\Windows\System32\bcryptPrimitives.dll
0x00007ffb68630000 - 0x00007ffb6863e000 	c:\Users\conta\.vscode\extensions\redhat.java-1.22.1-win32-x64\jre\17.0.8.1-win32-x86_64\bin\instrument.dll
0x00007ffb59160000 - 0x00007ffb59185000 	c:\Users\conta\.vscode\extensions\redhat.java-1.22.1-win32-x64\jre\17.0.8.1-win32-x86_64\bin\java.dll
0x00007ffb5ef70000 - 0x00007ffb5ef88000 	c:\Users\conta\.vscode\extensions\redhat.java-1.22.1-win32-x64\jre\17.0.8.1-win32-x86_64\bin\zip.dll
0x00007ffb907f0000 - 0x00007ffb90f34000 	C:\Windows\System32\SHELL32.dll
0x00007ffb8db00000 - 0x00007ffb8e294000 	C:\Windows\SYSTEM32\windows.storage.dll
0x00007ffb91cb0000 - 0x00007ffb92004000 	C:\Windows\System32\combase.dll
0x00007ffb8f3c0000 - 0x00007ffb8f3ec000 	C:\Windows\SYSTEM32\Wldp.dll
0x00007ffb91630000 - 0x00007ffb916dd000 	C:\Windows\System32\SHCORE.dll
0x00007ffb913e0000 - 0x00007ffb91435000 	C:\Windows\System32\shlwapi.dll
0x00007ffb8f970000 - 0x00007ffb8f98f000 	C:\Windows\SYSTEM32\profapi.dll
0x00007ffb5d080000 - 0x00007ffb5d099000 	C:\Users\conta\.vscode\extensions\redhat.java-1.22.1-win32-x64\jre\17.0.8.1-win32-x86_64\bin\net.dll
0x00007ffb86cb0000 - 0x00007ffb86db9000 	C:\Windows\SYSTEM32\WINHTTP.dll
0x00007ffb8f0d0000 - 0x00007ffb8f13a000 	C:\Windows\system32\mswsock.dll
0x00007ffb59140000 - 0x00007ffb59155000 	C:\Users\conta\.vscode\extensions\redhat.java-1.22.1-win32-x64\jre\17.0.8.1-win32-x86_64\bin\nio.dll
0x00007ffb66a80000 - 0x00007ffb66a90000 	c:\Users\conta\.vscode\extensions\redhat.java-1.22.1-win32-x64\jre\17.0.8.1-win32-x86_64\bin\verify.dll
0x00007ffb535f0000 - 0x00007ffb5362e000 	C:\Users\conta\AppData\Roaming\Code\User\globalStorage\redhat.java\1.22.1\config_win\org.eclipse.equinox.launcher\org.eclipse.equinox.launcher.win32.win32.x86_64_1.2.700.v20221108-1024\eclipse_11801.dll
0x00007ffb919d0000 - 0x00007ffb91afa000 	C:\Windows\System32\ole32.dll
0x00007ffb8f290000 - 0x00007ffb8f2a8000 	C:\Windows\SYSTEM32\CRYPTSP.dll
0x00007ffb8ea60000 - 0x00007ffb8ea94000 	C:\Windows\system32\rsaenh.dll
0x00007ffb8ff00000 - 0x00007ffb8ff27000 	C:\Windows\System32\bcrypt.dll
0x00007ffb8f8f0000 - 0x00007ffb8f91e000 	C:\Windows\SYSTEM32\USERENV.dll
0x00007ffb8f2b0000 - 0x00007ffb8f2bc000 	C:\Windows\SYSTEM32\CRYPTBASE.dll
0x00007ffb8edd0000 - 0x00007ffb8ee0b000 	C:\Windows\SYSTEM32\IPHLPAPI.DLL
0x00007ffb92010000 - 0x00007ffb92018000 	C:\Windows\System32\NSI.dll
0x00007ffb85610000 - 0x00007ffb85627000 	C:\Windows\SYSTEM32\dhcpcsvc6.DLL
0x00007ffb85ef0000 - 0x00007ffb85f0d000 	C:\Windows\SYSTEM32\dhcpcsvc.DLL
0x00007ffb8ee20000 - 0x00007ffb8eeea000 	C:\Windows\SYSTEM32\DNSAPI.dll
0x00007ffb4c590000 - 0x00007ffb4c5d5000 	C:\Users\conta\AppData\Local\Temp\jna-94844783\jna18019285415114619737.dll
0x00007ffb92020000 - 0x00007ffb92028000 	C:\Windows\System32\PSAPI.DLL

dbghelp: loaded successfully - version: 4.0.5 - missing functions: none
symbol engine: initialized successfully - sym options: 0x614 - pdb path: .;c:\Users\conta\.vscode\extensions\redhat.java-1.22.1-win32-x64\jre\17.0.8.1-win32-x86_64\bin;C:\Windows\SYSTEM32;C:\Windows\WinSxS\amd64_microsoft.windows.common-controls_6595b64144ccf1df_6.0.19041.1110_none_60b5254171f9507e;c:\Users\conta\.vscode\extensions\redhat.java-1.22.1-win32-x64\jre\17.0.8.1-win32-x86_64\bin\server;C:\Users\conta\AppData\Roaming\Code\User\globalStorage\redhat.java\1.22.1\config_win\org.eclipse.equinox.launcher\org.eclipse.equinox.launcher.win32.win32.x86_64_1.2.700.v20221108-1024;C:\Users\conta\AppData\Local\Temp\jna-94844783

VM Arguments:
jvm_args: --add-modules=ALL-SYSTEM --add-opens=java.base/java.util=ALL-UNNAMED --add-opens=java.base/java.lang=ALL-UNNAMED --add-opens=java.base/sun.nio.fs=ALL-UNNAMED -Declipse.application=org.eclipse.jdt.ls.core.id1 -Dosgi.bundles.defaultStartLevel=4 -Declipse.product=org.eclipse.jdt.ls.core.product -Djava.import.generatesMetadataFilesAtProjectRoot=false -Dfile.encoding=utf8 -XX:+UseParallelGC -XX:GCTimeRatio=4 -XX:AdaptiveSizePolicyWeight=90 -Dsun.zip.disableMemoryMapping=true -Xmx1G -Xms100m -Xlog:disable -javaagent:c:\Users\conta\.vscode\extensions\redhat.java-1.22.1-win32-x64\lombok\lombok-1.18.28.jar -XX:+HeapDumpOnOutOfMemoryError -XX:HeapDumpPath=c:\Users\conta\AppData\Roaming\Code\User\workspaceStorage\2f813a840633617f705e866bb36faf71\redhat.java -Daether.dependencyCollector.impl=bf 
java_command: c:\Users\conta\.vscode\extensions\redhat.java-1.22.1-win32-x64\server\plugins\org.eclipse.equinox.launcher_1.6.500.v20230717-2134.jar -configuration c:\Users\conta\AppData\Roaming\Code\User\globalStorage\redhat.java\1.22.1\config_win -data c:\Users\conta\AppData\Roaming\Code\User\workspaceStorage\2f813a840633617f705e866bb36faf71\redhat.java\jdt_ws
java_class_path (initial): c:\Users\conta\.vscode\extensions\redhat.java-1.22.1-win32-x64\server\plugins\org.eclipse.equinox.launcher_1.6.500.v20230717-2134.jar
Launcher Type: SUN_STANDARD

[Global flags]
    uintx AdaptiveSizePolicyWeight                 = 90                                        {product} {command line}
     intx CICompilerCount                          = 4                                         {product} {ergonomic}
    uintx GCTimeRatio                              = 4                                         {product} {command line}
     bool HeapDumpOnOutOfMemoryError               = true                                   {manageable} {command line}
    ccstr HeapDumpPath                             = c:\Users\conta\AppData\Roaming\Code\User\workspaceStorage\2f813a840633617f705e866bb36faf71\redhat.java         {manageable} {command line}
   size_t InitialHeapSize                          = 104857600                                 {product} {command line}
   size_t MaxHeapSize                              = 1073741824                                {product} {command line}
   size_t MaxNewSize                               = 357564416                                 {product} {ergonomic}
   size_t MinHeapDeltaBytes                        = 524288                                    {product} {ergonomic}
   size_t MinHeapSize                              = 104857600                                 {product} {command line}
   size_t NewSize                                  = 34603008                                  {product} {ergonomic}
    uintx NonNMethodCodeHeapSize                   = 5839372                                {pd product} {ergonomic}
    uintx NonProfiledCodeHeapSize                  = 122909434                              {pd product} {ergonomic}
   size_t OldSize                                  = 70254592                                  {product} {ergonomic}
    uintx ProfiledCodeHeapSize                     = 122909434                              {pd product} {ergonomic}
    uintx ReservedCodeCacheSize                    = 251658240                              {pd product} {ergonomic}
     bool SegmentedCodeCache                       = true                                      {product} {ergonomic}
   size_t SoftMaxHeapSize                          = 1073741824                             {manageable} {ergonomic}
     bool UseCompressedClassPointers               = true                           {product lp64_product} {ergonomic}
     bool UseCompressedOops                        = true                           {product lp64_product} {ergonomic}
     bool UseLargePagesIndividualAllocation        = false                                  {pd product} {ergonomic}
     bool UseParallelGC                            = true                                      {product} {command line}

Logging:
Log output configuration:
 #0: stdout all=off uptime,level,tags
 #1: stderr all=off uptime,level,tags

Environment Variables:
JAVA_HOME=C:\Program Files\Java\jdk-1.8
PATH=C:\Program Files\ImageMagick-7.1.0-Q16-HDRI;C:\Python310\Scripts\;C:\Python310\;C:\Windows\system32;C:\Windows;C:\Windows\System32\Wbem;C:\Windows\System32\WindowsPowerShell\v1.0\;C:\Windows\System32\OpenSSH\;C:\Program Files\Git\cmd;C:\Program Files\MySQL\MySQL Server 5.7\bin;C:\Program Files (x86)\Apache Software Foundation\Tomcat 9.0\bin;C:\ProgramData\chocolatey\bin;D:\app\nvm;C:\Program Files\PuTTY\;C:\Program Files\TortoiseGit\bin;C:\Program Files\Microsoft SQL Server\130\Tools\Binn\;C:\Program Files (x86)\GitExtensions\;C:\wamp64\bin\php\php8.1.0;C:\ProgramData\ComposerSetup\bin;C:\Users\conta\.electron;C:\xampp\php;C:\ProgramData\Microsoft\Windows\Start Menu\Programs\Accessories\System Tools\nvm;C:\Program Files\nodejs;C:\Program Files\Perforce\;C:\Users\conta\Documents\maxwell-1.37.6\maxwell-1.37.6\bin;C:\Program Files\gettext-iconv\bin;C:\Program Files\gettext-iconv\bin;C:\Program Files (x86)\PDFtk Server\bin\;C:\Program Files\Java\jdk-1.8;C:\Program Files\MongoDB\Server\5.0\bin;C:\Program Files\Microsoft SQL Server\150\Tools\Binn\;C:\Program Files\Microsoft SQL Server\Client SDK\ODBC\170\Tools\Binn\;C:\Program Files\dotnet\;D:\Geolane\apache-maven-3.9.4\bin;C:\Program Files\MySQL\MySQL Shell 8.0\bin\;C:\Users\conta\AppData\Local\Microsoft\WindowsApps;C:\Users\conta\AppData\Local\Programs\Microsoft VS Code\bin;C:\Users\conta\AppData\Roaming\npm;C:\Program Files\JetBrains\IntelliJ IDEA 2021.3.3\bin;;C:\Users\conta\AppData\Roaming\Composer\vendor\bin;C:\ProgramData\Microsoft\Windows\Start Menu\Programs\Accessories\System Tools\nvm;C:\Program Files\nodejs;C:\Users\conta\.dotnet\tools
USERNAME=conta
OS=Windows_NT
PROCESSOR_IDENTIFIER=Intel64 Family 6 Model 142 Stepping 12, GenuineIntel
TMP=C:\Users\conta\AppData\Local\Temp
TEMP=C:\Users\conta\AppData\Local\Temp



---------------  S Y S T E M  ---------------

OS:
 Windows 10 , 64 bit Build 19041 (10.0.19041.1566)
OS uptime: 1 days 2:21 hours
Hyper-V role detected

CPU: total 8 (initial active 8) (4 cores per cpu, 2 threads per core) family 6 model 142 stepping 12 microcode 0xec, cx8, cmov, fxsr, ht, mmx, 3dnowpref, sse, sse2, sse3, ssse3, sse4.1, sse4.2, popcnt, lzcnt, tsc, tscinvbit, avx, avx2, aes, erms, clmul, bmi1, bmi2, adx, fma, vzeroupper, clflush, clflushopt, hv
Processor Information for all 8 processors :
  Max Mhz: 1801, Current Mhz: 1801, Mhz Limit: 1801

Memory: 4k page, system-wide physical 16152M (3357M free)
TotalPageFile size 18340M (AvailPageFile size 2M)
current process WorkingSet (physical memory assigned to process): 205M, peak: 207M
current process commit charge ("private bytes"): 298M, peak: 303M

vm_info: OpenJDK 64-Bit Server VM (17.0.8.1+1) for windows-amd64 JRE (17.0.8.1+1), built on Aug 23 2023 15:29:17 by "admin" with MS VC++ 16.7 (VS2019)

END.
